<?xml version="1.0" encoding="UTF-8"?>
<testsuite name="kata.codewars.DescendingOrderTest" tests="3" skipped="0" failures="0" errors="0" timestamp="2020-09-08T18:01:17" hostname="DESKTOP-UI4MGN8" time="0.02">
  <properties/>
  <testcase name="test_01" classname="kata.codewars.DescendingOrderTest" time="0.019"/>
  <testcase name="test_02" classname="kata.codewars.DescendingOrderTest" time="0.0"/>
  <testcase name="test_03" classname="kata.codewars.DescendingOrderTest" time="0.001"/>
  <system-out><![CDATA[]]></system-out>
  <system-err><![CDATA[]]></system-err>
</testsuite>
